2020-08-19 11:08:32,222 INFO com.organizer.web.OrganizerApplication [restartedMain] Starting OrganizerApplication on DESKTOP-72I71JG with PID 17244 (C:\Users\krelo\Desktop\PRACTICA\scheduler\server_cipy\itlabs_organizer\server\build\classes\java\main started by krelo in C:\Users\krelo\Desktop\PRACTICA\scheduler\server_cipy\itlabs_organizer\server)
2020-08-19 11:08:32,255 INFO com.organizer.web.OrganizerApplication [restartedMain] No active profile set, falling back to default profiles: default
2020-08-19 11:08:35,942 ERROR org.springframework.boot.diagnostics.LoggingFailureAnalysisReporter [restartedMain] 

***************************
APPLICATION FAILED TO START
***************************

Description:

Failed to bind properties under 'spring.servlet.multipart.max-request-size' to org.springframework.util.unit.DataSize:

    Property: spring.servlet.multipart.max-request-size
    Value: 500KB 
    Origin: class path resource [application.properties]:28:43
    Reason: failed to convert java.lang.String to org.springframework.util.unit.DataSize

Action:

Update your application's configuration

2020-08-19 11:09:17,429 INFO com.organizer.web.OrganizerApplication [restartedMain] Starting OrganizerApplication on DESKTOP-72I71JG with PID 16160 (C:\Users\krelo\Desktop\PRACTICA\scheduler\server_cipy\itlabs_organizer\server\build\classes\java\main started by krelo in C:\Users\krelo\Desktop\PRACTICA\scheduler\server_cipy\itlabs_organizer\server)
2020-08-19 11:09:17,433 INFO com.organizer.web.OrganizerApplication [restartedMain] No active profile set, falling back to default profiles: default
2020-08-19 11:09:19,317 ERROR org.springframework.boot.diagnostics.LoggingFailureAnalysisReporter [restartedMain] 

***************************
APPLICATION FAILED TO START
***************************

Description:

Failed to bind properties under 'spring.servlet.multipart.max-request-size' to org.springframework.util.unit.DataSize:

    Property: spring.servlet.multipart.max-request-size
    Value: 500KB 
    Origin: class path resource [application.properties]:28:43
    Reason: failed to convert java.lang.String to org.springframework.util.unit.DataSize

Action:

Update your application's configuration

2020-08-19 11:10:13,470 INFO com.organizer.web.OrganizerApplication [restartedMain] Starting OrganizerApplication on DESKTOP-72I71JG with PID 9836 (C:\Users\krelo\Desktop\PRACTICA\scheduler\server_cipy\itlabs_organizer\server\build\classes\java\main started by krelo in C:\Users\krelo\Desktop\PRACTICA\scheduler\server_cipy\itlabs_organizer\server)
2020-08-19 11:10:13,475 INFO com.organizer.web.OrganizerApplication [restartedMain] No active profile set, falling back to default profiles: default
2020-08-19 11:10:16,090 ERROR org.springframework.boot.diagnostics.LoggingFailureAnalysisReporter [restartedMain] 

***************************
APPLICATION FAILED TO START
***************************

Description:

Failed to bind properties under 'spring.servlet.multipart.max-request-size' to org.springframework.util.unit.DataSize:

    Property: spring.servlet.multipart.max-request-size
    Value: 500KB 
    Origin: class path resource [application.properties]:28:43
    Reason: failed to convert java.lang.String to org.springframework.util.unit.DataSize

Action:

Update your application's configuration

2020-08-19 11:10:39,095 INFO com.organizer.web.OrganizerApplication [restartedMain] Starting OrganizerApplication on DESKTOP-72I71JG with PID 7812 (C:\Users\krelo\Desktop\PRACTICA\scheduler\server_cipy\itlabs_organizer\server\build\classes\java\main started by krelo in C:\Users\krelo\Desktop\PRACTICA\scheduler\server_cipy\itlabs_organizer\server)
2020-08-19 11:10:39,100 INFO com.organizer.web.OrganizerApplication [restartedMain] No active profile set, falling back to default profiles: default
2020-08-19 11:10:41,312 ERROR org.springframework.boot.diagnostics.LoggingFailureAnalysisReporter [restartedMain] 

***************************
APPLICATION FAILED TO START
***************************

Description:

Failed to bind properties under 'spring.servlet.multipart.max-request-size' to org.springframework.util.unit.DataSize:

    Property: spring.servlet.multipart.max-request-size
    Value: 500KB 
    Origin: class path resource [application.properties]:28:43
    Reason: failed to convert java.lang.String to org.springframework.util.unit.DataSize

Action:

Update your application's configuration

2020-08-19 11:11:42,581 INFO com.organizer.web.OrganizerApplication [restartedMain] Starting OrganizerApplication on DESKTOP-72I71JG with PID 20356 (C:\Users\krelo\Desktop\PRACTICA\scheduler\server_cipy\itlabs_organizer\server\build\classes\java\main started by krelo in C:\Users\krelo\Desktop\PRACTICA\scheduler\server_cipy\itlabs_organizer\server)
2020-08-19 11:11:42,586 INFO com.organizer.web.OrganizerApplication [restartedMain] No active profile set, falling back to default profiles: default
2020-08-19 11:11:44,889 ERROR org.springframework.boot.diagnostics.LoggingFailureAnalysisReporter [restartedMain] 

***************************
APPLICATION FAILED TO START
***************************

Description:

Failed to bind properties under 'spring.servlet.multipart.max-request-size' to org.springframework.util.unit.DataSize:

    Property: spring.servlet.multipart.max-request-size
    Value: 500KB 
    Origin: class path resource [application.properties]:28:43
    Reason: failed to convert java.lang.String to org.springframework.util.unit.DataSize

Action:

Update your application's configuration

2020-08-19 11:11:55,858 INFO com.organizer.web.OrganizerApplication [restartedMain] Starting OrganizerApplication on DESKTOP-72I71JG with PID 10672 (C:\Users\krelo\Desktop\PRACTICA\scheduler\server_cipy\itlabs_organizer\server\build\classes\java\main started by krelo in C:\Users\krelo\Desktop\PRACTICA\scheduler\server_cipy\itlabs_organizer\server)
2020-08-19 11:11:55,863 INFO com.organizer.web.OrganizerApplication [restartedMain] No active profile set, falling back to default profiles: default
2020-08-19 11:11:58,261 ERROR org.springframework.boot.diagnostics.LoggingFailureAnalysisReporter [restartedMain] 

***************************
APPLICATION FAILED TO START
***************************

Description:

Failed to bind properties under 'spring.servlet.multipart.max-request-size' to org.springframework.util.unit.DataSize:

    Property: spring.servlet.multipart.max-request-size
    Value: 500KB 
    Origin: class path resource [application.properties]:28:43
    Reason: failed to convert java.lang.String to org.springframework.util.unit.DataSize

Action:

Update your application's configuration

2020-08-19 11:14:43,769 INFO com.organizer.web.OrganizerApplication [restartedMain] Starting OrganizerApplication on DESKTOP-72I71JG with PID 3200 (C:\Users\krelo\Desktop\PRACTICA\scheduler\server_cipy\itlabs_organizer\server\build\classes\java\main started by krelo in C:\Users\krelo\Desktop\PRACTICA\scheduler\server_cipy\itlabs_organizer\server)
2020-08-19 11:14:43,774 INFO com.organizer.web.OrganizerApplication [restartedMain] No active profile set, falling back to default profiles: default
2020-08-19 11:14:46,395 ERROR org.springframework.boot.diagnostics.LoggingFailureAnalysisReporter [restartedMain] 

***************************
APPLICATION FAILED TO START
***************************

Description:

Failed to bind properties under 'spring.servlet.multipart.max-request-size' to org.springframework.util.unit.DataSize:

    Property: spring.servlet.multipart.max-request-size
    Value: 1000KB 
    Origin: class path resource [application.properties]:28:43
    Reason: failed to convert java.lang.String to org.springframework.util.unit.DataSize

Action:

Update your application's configuration

2020-08-19 11:14:50,889 INFO com.organizer.web.OrganizerApplication [restartedMain] Starting OrganizerApplication on DESKTOP-72I71JG with PID 12184 (C:\Users\krelo\Desktop\PRACTICA\scheduler\server_cipy\itlabs_organizer\server\build\classes\java\main started by krelo in C:\Users\krelo\Desktop\PRACTICA\scheduler\server_cipy\itlabs_organizer\server)
2020-08-19 11:14:50,894 INFO com.organizer.web.OrganizerApplication [restartedMain] No active profile set, falling back to default profiles: default
2020-08-19 11:14:53,136 ERROR org.springframework.boot.diagnostics.LoggingFailureAnalysisReporter [restartedMain] 

***************************
APPLICATION FAILED TO START
***************************

Description:

Failed to bind properties under 'spring.servlet.multipart.max-request-size' to org.springframework.util.unit.DataSize:

    Property: spring.servlet.multipart.max-request-size
    Value: 1000KB 
    Origin: class path resource [application.properties]:28:43
    Reason: failed to convert java.lang.String to org.springframework.util.unit.DataSize

Action:

Update your application's configuration

2020-08-19 11:15:18,182 INFO com.organizer.web.OrganizerApplication [restartedMain] Starting OrganizerApplication on DESKTOP-72I71JG with PID 22212 (C:\Users\krelo\Desktop\PRACTICA\scheduler\server_cipy\itlabs_organizer\server\build\classes\java\main started by krelo in C:\Users\krelo\Desktop\PRACTICA\scheduler\server_cipy\itlabs_organizer\server)
2020-08-19 11:15:18,186 INFO com.organizer.web.OrganizerApplication [restartedMain] No active profile set, falling back to default profiles: default
2020-08-19 11:15:27,061 INFO com.organizer.web.OrganizerApplication [restartedMain] Started OrganizerApplication in 9.418 seconds (JVM running for 10.165)
2020-08-19 11:16:12,127 INFO com.organizer.web.OrganizerApplication [restartedMain] Starting OrganizerApplication on DESKTOP-72I71JG with PID 14344 (C:\Users\krelo\Desktop\PRACTICA\scheduler\server_cipy\itlabs_organizer\server\build\classes\java\main started by krelo in C:\Users\krelo\Desktop\PRACTICA\scheduler\server_cipy\itlabs_organizer\server)
2020-08-19 11:16:12,132 INFO com.organizer.web.OrganizerApplication [restartedMain] No active profile set, falling back to default profiles: default
2020-08-19 11:16:20,508 INFO com.organizer.web.OrganizerApplication [restartedMain] Started OrganizerApplication in 9.168 seconds (JVM running for 10.334)
2020-08-19 11:17:17,111 INFO com.organizer.web.OrganizerApplication [restartedMain] Starting OrganizerApplication on DESKTOP-72I71JG with PID 15064 (C:\Users\krelo\Desktop\PRACTICA\scheduler\server_cipy\itlabs_organizer\server\build\classes\java\main started by krelo in C:\Users\krelo\Desktop\PRACTICA\scheduler\server_cipy\itlabs_organizer\server)
2020-08-19 11:17:17,116 INFO com.organizer.web.OrganizerApplication [restartedMain] No active profile set, falling back to default profiles: default
2020-08-19 11:17:27,733 INFO com.organizer.web.OrganizerApplication [restartedMain] Started OrganizerApplication in 11.513 seconds (JVM running for 12.808)
2020-08-19 17:10:51,002 INFO com.organizer.web.OrganizerApplication [restartedMain] Starting OrganizerApplication on DESKTOP-72I71JG with PID 23132 (C:\Users\krelo\Desktop\PRACTICA\scheduler\server_cipy\itlabs_organizer\server\build\classes\java\main started by krelo in C:\Users\krelo\Desktop\PRACTICA\scheduler\server_cipy\itlabs_organizer\server)
2020-08-19 17:10:51,007 INFO com.organizer.web.OrganizerApplication [restartedMain] No active profile set, falling back to default profiles: default
2020-08-19 17:11:01,787 INFO com.organizer.web.OrganizerApplication [restartedMain] Started OrganizerApplication in 11.553 seconds (JVM running for 12.908)
2020-08-19 17:17:31,284 ERROR org.apache.catalina.core.ContainerBase.[Tomcat].[localhost].[/].[dispatcherServlet] [http-nio-8080-exec-2] Servlet.service() for servlet [dispatcherServlet] in context with path [] threw exception [Request processing failed; nested exception is org.springframework.http.InvalidMediaTypeException: Invalid mime type "/": does not contain subtype after '/'] with root cause
org.springframework.util.InvalidMimeTypeException: Invalid mime type "/": does not contain subtype after '/'
	at org.springframework.util.MimeTypeUtils.parseMimeTypeInternal(MimeTypeUtils.java:219)
	at org.springframework.util.MimeTypeUtils$ConcurrentLruCache.get(MimeTypeUtils.java:469)
	at org.springframework.util.MimeTypeUtils.parseMimeType(MimeTypeUtils.java:200)
	at org.springframework.http.MediaType.parseMediaType(MediaType.java:584)
	at org.springframework.http.MediaType.parseMediaTypes(MediaType.java:613)
	at org.springframework.data.rest.webmvc.BasePathAwareHandlerMapping.lookupHandlerMethod(BasePathAwareHandlerMapping.java:95)
	at org.springframework.web.servlet.handler.AbstractHandlerMethodMapping.getHandlerInternal(AbstractHandlerMethodMapping.java:367)
	at org.springframework.web.servlet.mvc.method.RequestMappingInfoHandlerMapping.getHandlerInternal(RequestMappingInfoHandlerMapping.java:110)
	at org.springframework.web.servlet.mvc.method.RequestMappingInfoHandlerMapping.getHandlerInternal(RequestMappingInfoHandlerMapping.java:59)
	at org.springframework.web.servlet.handler.AbstractHandlerMapping.getHandler(AbstractHandlerMapping.java:395)
	at org.springframework.data.rest.webmvc.support.DelegatingHandlerMapping$HandlerSelectionResult.from(DelegatingHandlerMapping.java:118)
	at org.springframework.data.rest.webmvc.support.DelegatingHandlerMapping.getHandler(DelegatingHandlerMapping.java:76)
	at org.springframework.web.servlet.DispatcherServlet.getHandler(DispatcherServlet.java:1234)
	at org.springframework.web.servlet.DispatcherServlet.doDispatch(DispatcherServlet.java:1016)
	at org.springframework.web.servlet.DispatcherServlet.doService(DispatcherServlet.java:943)
	at org.springframework.web.servlet.FrameworkServlet.processRequest(FrameworkServlet.java:1006)
	at org.springframework.web.servlet.FrameworkServlet.doPost(FrameworkServlet.java:909)
	at javax.servlet.http.HttpServlet.service(HttpServlet.java:652)
	at org.springframework.web.servlet.FrameworkServlet.service(FrameworkServlet.java:883)
	at javax.servlet.http.HttpServlet.service(HttpServlet.java:733)
	at org.apache.catalina.core.ApplicationFilterChain.internalDoFilter(ApplicationFilterChain.java:231)
	at org.apache.catalina.core.ApplicationFilterChain.doFilter(ApplicationFilterChain.java:166)
	at org.apache.tomcat.websocket.server.WsFilter.doFilter(WsFilter.java:53)
	at org.apache.catalina.core.ApplicationFilterChain.internalDoFilter(ApplicationFilterChain.java:193)
	at org.apache.catalina.core.ApplicationFilterChain.doFilter(ApplicationFilterChain.java:166)
	at org.springframework.web.filter.CharacterEncodingFilter.doFilterInternal(CharacterEncodingFilter.java:201)
	at org.springframework.web.filter.OncePerRequestFilter.doFilter(OncePerRequestFilter.java:119)
	at org.apache.catalina.core.ApplicationFilterChain.internalDoFilter(ApplicationFilterChain.java:193)
	at org.apache.catalina.core.ApplicationFilterChain.doFilter(ApplicationFilterChain.java:166)
	at org.apache.catalina.core.StandardWrapperValve.invoke(StandardWrapperValve.java:202)
	at org.apache.catalina.core.StandardContextValve.invoke(StandardContextValve.java:96)
	at org.apache.catalina.authenticator.AuthenticatorBase.invoke(AuthenticatorBase.java:541)
	at org.apache.catalina.core.StandardHostValve.invoke(StandardHostValve.java:139)
	at org.apache.catalina.valves.ErrorReportValve.invoke(ErrorReportValve.java:92)
	at org.apache.catalina.core.StandardEngineValve.invoke(StandardEngineValve.java:74)
	at org.apache.catalina.connector.CoyoteAdapter.service(CoyoteAdapter.java:343)
	at org.apache.coyote.http11.Http11Processor.service(Http11Processor.java:373)
	at org.apache.coyote.AbstractProcessorLight.process(AbstractProcessorLight.java:65)
	at org.apache.coyote.AbstractProtocol$ConnectionHandler.process(AbstractProtocol.java:868)
	at org.apache.tomcat.util.net.NioEndpoint$SocketProcessor.doRun(NioEndpoint.java:1589)
	at org.apache.tomcat.util.net.SocketProcessorBase.run(SocketProcessorBase.java:49)
	at java.base/java.util.concurrent.ThreadPoolExecutor.runWorker(ThreadPoolExecutor.java:1128)
	at java.base/java.util.concurrent.ThreadPoolExecutor$Worker.run(ThreadPoolExecutor.java:628)
	at org.apache.tomcat.util.threads.TaskThread$WrappingRunnable.run(TaskThread.java:61)
	at java.base/java.lang.Thread.run(Thread.java:830)
2020-08-19 17:18:17,277 INFO com.organizer.web.OrganizerApplication [restartedMain] Starting OrganizerApplication on DESKTOP-72I71JG with PID 21524 (C:\Users\krelo\Desktop\PRACTICA\scheduler\server_cipy\itlabs_organizer\server\build\classes\java\main started by krelo in C:\Users\krelo\Desktop\PRACTICA\scheduler\server_cipy\itlabs_organizer\server)
2020-08-19 17:18:17,281 INFO com.organizer.web.OrganizerApplication [restartedMain] No active profile set, falling back to default profiles: default
2020-08-19 17:18:27,912 INFO com.organizer.web.OrganizerApplication [restartedMain] Started OrganizerApplication in 11.201 seconds (JVM running for 12.583)
